  main.cpp
C:\Users\brady\OneDrive\Desktop\AI for Computer Games\student-materials\Assignments\Ex0 - Fundamentals of AI\Source\Data Structures\LinkedList.h(31,37): error C2365: 'ufl_cap4053::fundamentals::LinkedList<T>::end': redefinition; previous definition was 'data member'
C:\Users\brady\OneDrive\Desktop\AI for Computer Games\student-materials\Assignments\Ex0 - Fundamentals of AI\Source\Data Structures\LinkedList.h(18,26): message : see declaration of 'ufl_cap4053::fundamentals::LinkedList<T>::end'
C:\Users\brady\OneDrive\Desktop\AI for Computer Games\student-materials\Assignments\Ex0 - Fundamentals of AI\Source\Data Structures\LinkedList.h(144,10): message : see reference to class template instantiation 'ufl_cap4053::fundamentals::LinkedList<T>' being compiled
C:\Users\brady\OneDrive\Desktop\AI for Computer Games\student-materials\Assignments\Ex0 - Fundamentals of AI\Source\Data Structures\LinkedList.h(32,17): error C2059: syntax error: 'return'
C:\Users\brady\OneDrive\Desktop\AI for Computer Games\student-materials\Assignments\Ex0 - Fundamentals of AI\Source\Data Structures\LinkedList.h(32,1): error C2238: unexpected token(s) preceding ';'
C:\Users\brady\OneDrive\Desktop\AI for Computer Games\student-materials\Assignments\Ex0 - Fundamentals of AI\Source\Data Structures\LinkedList.h(35,13): error C2144: syntax error: 'bool' should be preceded by ';'
C:\Users\brady\OneDrive\Desktop\AI for Computer Games\student-materials\Assignments\Ex0 - Fundamentals of AI\Source\Data Structures\LinkedList.h(10,29): error C2460: 'ufl_cap4053::fundamentals::LinkedList<std::string>::Node::prev': uses 'ufl_cap4053::fundamentals::LinkedList<std::string>::Node', which is being defined
C:\Users\brady\OneDrive\Desktop\AI for Computer Games\student-materials\Assignments\Ex0 - Fundamentals of AI\Source\Data Structures\LinkedList.h(8,1): message : see declaration of 'ufl_cap4053::fundamentals::LinkedList<std::string>::Node'
C:\Users\brady\OneDrive\Desktop\AI for Computer Games\student-materials\Assignments\Ex0 - Fundamentals of AI\Source\Data Structures\LinkedList.h(18,26): message : see reference to class template instantiation 'ufl_cap4053::fundamentals::LinkedList<std::string>::Node' being compiled
C:\Users\brady\OneDrive\Desktop\AI for Computer Games\student-materials\Assignments\Ex0 - Fundamentals of AI\Source\LinkedList\main.cpp(21,30): message : see reference to class template instantiation 'ufl_cap4053::fundamentals::LinkedList<std::string>' being compiled
C:\Users\brady\OneDrive\Desktop\AI for Computer Games\student-materials\Assignments\Ex0 - Fundamentals of AI\Source\Data Structures\LinkedList.h(27,1): error C4596: 'iterator': illegal qualified name in member declaration
C:\Users\brady\OneDrive\Desktop\AI for Computer Games\student-materials\Assignments\Ex0 - Fundamentals of AI\Source\Data Structures\LinkedList.h(27,28): error C4996: 'std::iterator': warning STL4015: The std::iterator class template (used as a base class to provide typedefs) is deprecated in C++17. (The <iterator> header is NOT deprecated.) The C++ Standard has never required user-defined iterators to derive from std::iterator. To fix this warning, stop deriving from std::iterator and start providing publicly accessible typedefs named iterator_category, value_type, difference_type, pointer, and reference. Note that value_type is required to be non-const, even for constant iterators. You can define _SILENCE_CXX17_ITERATOR_BASE_CLASS_DEPRECATION_WARNING or _SILENCE_ALL_CXX17_DEPRECATION_WARNINGS to suppress this warning.
C:\Users\brady\OneDrive\Desktop\AI for Computer Games\student-materials\Assignments\Ex0 - Fundamentals of AI\Source\Data Structures\LinkedList.h(27,1): error C2955: 'std::iterator': use of class template requires template argument list
C:\Program Files\Microsoft Visual Studio\2022\Enterprise\VC\Tools\MSVC\14.34.31933\include\xutility(6082,1): message : see declaration of 'std::iterator'
C:\Users\brady\OneDrive\Desktop\AI for Computer Games\student-materials\Assignments\Ex0 - Fundamentals of AI\Source\Data Structures\LinkedList.h(31,1): error C4596: 'iterator': illegal qualified name in member declaration
C:\Users\brady\OneDrive\Desktop\AI for Computer Games\student-materials\Assignments\Ex0 - Fundamentals of AI\Source\Data Structures\LinkedList.h(31,28): error C4996: 'std::iterator': warning STL4015: The std::iterator class template (used as a base class to provide typedefs) is deprecated in C++17. (The <iterator> header is NOT deprecated.) The C++ Standard has never required user-defined iterators to derive from std::iterator. To fix this warning, stop deriving from std::iterator and start providing publicly accessible typedefs named iterator_category, value_type, difference_type, pointer, and reference. Note that value_type is required to be non-const, even for constant iterators. You can define _SILENCE_CXX17_ITERATOR_BASE_CLASS_DEPRECATION_WARNING or _SILENCE_ALL_CXX17_DEPRECATION_WARNINGS to suppress this warning.
C:\Users\brady\OneDrive\Desktop\AI for Computer Games\student-materials\Assignments\Ex0 - Fundamentals of AI\Source\Data Structures\LinkedList.h(31,1): error C2955: 'std::iterator': use of class template requires template argument list
C:\Program Files\Microsoft Visual Studio\2022\Enterprise\VC\Tools\MSVC\14.34.31933\include\xutility(6082,1): message : see declaration of 'std::iterator'
C:\Users\brady\OneDrive\Desktop\AI for Computer Games\student-materials\Assignments\Ex0 - Fundamentals of AI\Source\Data Structures\LinkedList.h(31,1): error C2207: 'ufl_cap4053::fundamentals::LinkedList<T>::end': a member of a class template cannot acquire a function type
C:\Users\brady\OneDrive\Desktop\AI for Computer Games\student-materials\Assignments\Ex0 - Fundamentals of AI\Source\Data Structures\LinkedList.h(31,37): error C2365: 'ufl_cap4053::fundamentals::LinkedList<std::string>::end': redefinition; previous definition was 'data member'
C:\Users\brady\OneDrive\Desktop\AI for Computer Games\student-materials\Assignments\Ex0 - Fundamentals of AI\Source\Data Structures\LinkedList.h(18,26): message : see declaration of 'ufl_cap4053::fundamentals::LinkedList<std::string>::end'
C:\Users\brady\OneDrive\Desktop\AI for Computer Games\student-materials\Assignments\Ex0 - Fundamentals of AI\Source\Data Structures\LinkedList.h(10,29): error C2460: 'ufl_cap4053::fundamentals::LinkedList<const char *>::Node::prev': uses 'ufl_cap4053::fundamentals::LinkedList<const char *>::Node', which is being defined
C:\Users\brady\OneDrive\Desktop\AI for Computer Games\student-materials\Assignments\Ex0 - Fundamentals of AI\Source\Data Structures\LinkedList.h(8,1): message : see declaration of 'ufl_cap4053::fundamentals::LinkedList<const char *>::Node'
C:\Users\brady\OneDrive\Desktop\AI for Computer Games\student-materials\Assignments\Ex0 - Fundamentals of AI\Source\Data Structures\LinkedList.h(18,26): message : see reference to class template instantiation 'ufl_cap4053::fundamentals::LinkedList<const char *>::Node' being compiled
C:\Users\brady\OneDrive\Desktop\AI for Computer Games\student-materials\Assignments\Ex0 - Fundamentals of AI\Source\LinkedList\main.cpp(22,35): message : see reference to class template instantiation 'ufl_cap4053::fundamentals::LinkedList<const char *>' being compiled
C:\Users\brady\OneDrive\Desktop\AI for Computer Games\student-materials\Assignments\Ex0 - Fundamentals of AI\Source\Data Structures\LinkedList.h(31,37): error C2365: 'ufl_cap4053::fundamentals::LinkedList<const char *>::end': redefinition; previous definition was 'data member'
C:\Users\brady\OneDrive\Desktop\AI for Computer Games\student-materials\Assignments\Ex0 - Fundamentals of AI\Source\Data Structures\LinkedList.h(18,26): message : see declaration of 'ufl_cap4053::fundamentals::LinkedList<const char *>::end'
C:\Users\brady\OneDrive\Desktop\AI for Computer Games\student-materials\Assignments\Ex0 - Fundamentals of AI\Source\LinkedList\main.cpp(38,5): error C2039: 'isEmpty': is not a member of 'ufl_cap4053::fundamentals::LinkedList<const char *>'
C:\Users\brady\OneDrive\Desktop\AI for Computer Games\student-materials\Assignments\Ex0 - Fundamentals of AI\Source\LinkedList\main.cpp(22,11): message : see declaration of 'ufl_cap4053::fundamentals::LinkedList<const char *>'
C:\Users\brady\OneDrive\Desktop\AI for Computer Games\student-materials\Assignments\Ex0 - Fundamentals of AI\Source\LinkedList\main.cpp(38,5): error C2039: 'isEmpty': is not a member of 'ufl_cap4053::fundamentals::LinkedList<std::string>'
C:\Users\brady\OneDrive\Desktop\AI for Computer Games\student-materials\Assignments\Ex0 - Fundamentals of AI\Source\LinkedList\main.cpp(21,11): message : see declaration of 'ufl_cap4053::fundamentals::LinkedList<std::string>'
C:\Users\brady\OneDrive\Desktop\AI for Computer Games\student-materials\Assignments\Ex0 - Fundamentals of AI\Source\LinkedList\main.cpp(44,19): error C2039: 'enqueue': is not a member of 'ufl_cap4053::fundamentals::LinkedList<std::string>'
C:\Users\brady\OneDrive\Desktop\AI for Computer Games\student-materials\Assignments\Ex0 - Fundamentals of AI\Source\LinkedList\main.cpp(21,11): message : see declaration of 'ufl_cap4053::fundamentals::LinkedList<std::string>'
C:\Users\brady\OneDrive\Desktop\AI for Computer Games\student-materials\Assignments\Ex0 - Fundamentals of AI\Source\LinkedList\main.cpp(45,21): error C2039: 'enqueue': is not a member of 'ufl_cap4053::fundamentals::LinkedList<const char *>'
C:\Users\brady\OneDrive\Desktop\AI for Computer Games\student-materials\Assignments\Ex0 - Fundamentals of AI\Source\LinkedList\main.cpp(22,11): message : see declaration of 'ufl_cap4053::fundamentals::LinkedList<const char *>'
C:\Users\brady\OneDrive\Desktop\AI for Computer Games\student-materials\Assignments\Ex0 - Fundamentals of AI\Source\LinkedList\main.cpp(56,34): error C2039: 'getFront': is not a member of 'ufl_cap4053::fundamentals::LinkedList<const char *>'
C:\Users\brady\OneDrive\Desktop\AI for Computer Games\student-materials\Assignments\Ex0 - Fundamentals of AI\Source\LinkedList\main.cpp(22,11): message : see declaration of 'ufl_cap4053::fundamentals::LinkedList<const char *>'
C:\Users\brady\OneDrive\Desktop\AI for Computer Games\student-materials\Assignments\Ex0 - Fundamentals of AI\Source\LinkedList\main.cpp(57,21): error C2039: 'dequeue': is not a member of 'ufl_cap4053::fundamentals::LinkedList<const char *>'
C:\Users\brady\OneDrive\Desktop\AI for Computer Games\student-materials\Assignments\Ex0 - Fundamentals of AI\Source\LinkedList\main.cpp(22,11): message : see declaration of 'ufl_cap4053::fundamentals::LinkedList<const char *>'
C:\Users\brady\OneDrive\Desktop\AI for Computer Games\student-materials\Assignments\Ex0 - Fundamentals of AI\Source\LinkedList\main.cpp(62,25): error C2039: 'isEmpty': is not a member of 'ufl_cap4053::fundamentals::LinkedList<const char *>'
C:\Users\brady\OneDrive\Desktop\AI for Computer Games\student-materials\Assignments\Ex0 - Fundamentals of AI\Source\LinkedList\main.cpp(22,11): message : see declaration of 'ufl_cap4053::fundamentals::LinkedList<const char *>'
C:\Users\brady\OneDrive\Desktop\AI for Computer Games\student-materials\Assignments\Ex0 - Fundamentals of AI\Source\LinkedList\main.cpp(65,23): error C2039: 'dequeue': is not a member of 'ufl_cap4053::fundamentals::LinkedList<std::string>'
C:\Users\brady\OneDrive\Desktop\AI for Computer Games\student-materials\Assignments\Ex0 - Fundamentals of AI\Source\LinkedList\main.cpp(21,11): message : see declaration of 'ufl_cap4053::fundamentals::LinkedList<std::string>'
C:\Users\brady\OneDrive\Desktop\AI for Computer Games\student-materials\Assignments\Ex0 - Fundamentals of AI\Source\LinkedList\main.cpp(70,28): error C2039: 'getFront': is not a member of 'ufl_cap4053::fundamentals::LinkedList<std::string>'
C:\Users\brady\OneDrive\Desktop\AI for Computer Games\student-materials\Assignments\Ex0 - Fundamentals of AI\Source\LinkedList\main.cpp(21,11): message : see declaration of 'ufl_cap4053::fundamentals::LinkedList<std::string>'
C:\Users\brady\OneDrive\Desktop\AI for Computer Games\student-materials\Assignments\Ex0 - Fundamentals of AI\Source\LinkedList\main.cpp(71,15): error C2039: 'remove': is not a member of 'ufl_cap4053::fundamentals::LinkedList<std::string>'
C:\Users\brady\OneDrive\Desktop\AI for Computer Games\student-materials\Assignments\Ex0 - Fundamentals of AI\Source\LinkedList\main.cpp(21,11): message : see declaration of 'ufl_cap4053::fundamentals::LinkedList<std::string>'
C:\Users\brady\OneDrive\Desktop\AI for Computer Games\student-materials\Assignments\Ex0 - Fundamentals of AI\Source\LinkedList\main.cpp(79,20): error C2039: 'contains': is not a member of 'ufl_cap4053::fundamentals::LinkedList<std::string>'
C:\Users\brady\OneDrive\Desktop\AI for Computer Games\student-materials\Assignments\Ex0 - Fundamentals of AI\Source\LinkedList\main.cpp(21,11): message : see declaration of 'ufl_cap4053::fundamentals::LinkedList<std::string>'
C:\Users\brady\OneDrive\Desktop\AI for Computer Games\student-materials\Assignments\Ex0 - Fundamentals of AI\Source\LinkedList\main.cpp(90,21): error C2039: 'enqueue': is not a member of 'ufl_cap4053::fundamentals::LinkedList<const char *>'
C:\Users\brady\OneDrive\Desktop\AI for Computer Games\student-materials\Assignments\Ex0 - Fundamentals of AI\Source\LinkedList\main.cpp(22,11): message : see declaration of 'ufl_cap4053::fundamentals::LinkedList<const char *>'
C:\Users\brady\OneDrive\Desktop\AI for Computer Games\student-materials\Assignments\Ex0 - Fundamentals of AI\Source\LinkedList\main.cpp(96,25): error C2039: 'isEmpty': is not a member of 'ufl_cap4053::fundamentals::LinkedList<const char *>'
C:\Users\brady\OneDrive\Desktop\AI for Computer Games\student-materials\Assignments\Ex0 - Fundamentals of AI\Source\LinkedList\main.cpp(22,11): message : see declaration of 'ufl_cap4053::fundamentals::LinkedList<const char *>'
C:\Users\brady\OneDrive\Desktop\AI for Computer Games\student-materials\Assignments\Ex0 - Fundamentals of AI\Source\LinkedList\main.cpp(99,34): error C2039: 'getBack': is not a member of 'ufl_cap4053::fundamentals::LinkedList<const char *>'
C:\Users\brady\OneDrive\Desktop\AI for Computer Games\student-materials\Assignments\Ex0 - Fundamentals of AI\Source\LinkedList\main.cpp(22,11): message : see declaration of 'ufl_cap4053::fundamentals::LinkedList<const char *>'
C:\Users\brady\OneDrive\Desktop\AI for Computer Games\student-materials\Assignments\Ex0 - Fundamentals of AI\Source\LinkedList\main.cpp(100,21): error C2039: 'pop': is not a member of 'ufl_cap4053::fundamentals::LinkedList<const char *>'
C:\Users\brady\OneDrive\Desktop\AI for Computer Games\student-materials\Assignments\Ex0 - Fundamentals of AI\Source\LinkedList\main.cpp(22,11): message : see declaration of 'ufl_cap4053::fundamentals::LinkedList<const char *>'
C:\Users\brady\OneDrive\Desktop\AI for Computer Games\student-materials\Assignments\Ex0 - Fundamentals of AI\Source\LinkedList\main.cpp(110,19): error C2039: 'enqueue': is not a member of 'ufl_cap4053::fundamentals::LinkedList<std::string>'
C:\Users\brady\OneDrive\Desktop\AI for Computer Games\student-materials\Assignments\Ex0 - Fundamentals of AI\Source\LinkedList\main.cpp(21,11): message : see declaration of 'ufl_cap4053::fundamentals::LinkedList<std::string>'
C:\Users\brady\OneDrive\Desktop\AI for Computer Games\student-materials\Assignments\Ex0 - Fundamentals of AI\Source\LinkedList\main.cpp(111,21): error C2039: 'enqueue': is not a member of 'ufl_cap4053::fundamentals::LinkedList<const char *>'
C:\Users\brady\OneDrive\Desktop\AI for Computer Games\student-materials\Assignments\Ex0 - Fundamentals of AI\Source\LinkedList\main.cpp(22,11): message : see declaration of 'ufl_cap4053::fundamentals::LinkedList<const char *>'
C:\Users\brady\OneDrive\Desktop\AI for Computer Games\student-materials\Assignments\Ex0 - Fundamentals of AI\Source\LinkedList\main.cpp(120,21): error C2039: 'contains': is not a member of 'ufl_cap4053::fundamentals::LinkedList<const char *>'
C:\Users\brady\OneDrive\Desktop\AI for Computer Games\student-materials\Assignments\Ex0 - Fundamentals of AI\Source\LinkedList\main.cpp(22,11): message : see declaration of 'ufl_cap4053::fundamentals::LinkedList<const char *>'
C:\Users\brady\OneDrive\Desktop\AI for Computer Games\student-materials\Assignments\Ex0 - Fundamentals of AI\Source\LinkedList\main.cpp(122,9): error C2039: 'contains': is not a member of 'ufl_cap4053::fundamentals::LinkedList<std::string>'
C:\Users\brady\OneDrive\Desktop\AI for Computer Games\student-materials\Assignments\Ex0 - Fundamentals of AI\Source\LinkedList\main.cpp(21,11): message : see declaration of 'ufl_cap4053::fundamentals::LinkedList<std::string>'
C:\Users\brady\OneDrive\Desktop\AI for Computer Games\student-materials\Assignments\Ex0 - Fundamentals of AI\Source\LinkedList\main.cpp(124,21): error C2039: 'remove': is not a member of 'ufl_cap4053::fundamentals::LinkedList<const char *>'
C:\Users\brady\OneDrive\Desktop\AI for Computer Games\student-materials\Assignments\Ex0 - Fundamentals of AI\Source\LinkedList\main.cpp(22,11): message : see declaration of 'ufl_cap4053::fundamentals::LinkedList<const char *>'
C:\Users\brady\OneDrive\Desktop\AI for Computer Games\student-materials\Assignments\Ex0 - Fundamentals of AI\Source\LinkedList\main.cpp(125,19): error C2039: 'remove': is not a member of 'ufl_cap4053::fundamentals::LinkedList<std::string>'
C:\Users\brady\OneDrive\Desktop\AI for Computer Games\student-materials\Assignments\Ex0 - Fundamentals of AI\Source\LinkedList\main.cpp(21,11): message : see declaration of 'ufl_cap4053::fundamentals::LinkedList<std::string>'
C:\Users\brady\OneDrive\Desktop\AI for Computer Games\student-materials\Assignments\Ex0 - Fundamentals of AI\Source\LinkedList\main.cpp(126,19): error C2039: 'remove': is not a member of 'ufl_cap4053::fundamentals::LinkedList<std::string>'
C:\Users\brady\OneDrive\Desktop\AI for Computer Games\student-materials\Assignments\Ex0 - Fundamentals of AI\Source\LinkedList\main.cpp(21,11): message : see declaration of 'ufl_cap4053::fundamentals::LinkedList<std::string>'
C:\Users\brady\OneDrive\Desktop\AI for Computer Games\student-materials\Assignments\Ex0 - Fundamentals of AI\Source\LinkedList\main.cpp(133,9): error C2039: 'contains': is not a member of 'ufl_cap4053::fundamentals::LinkedList<std::string>'
C:\Users\brady\OneDrive\Desktop\AI for Computer Games\student-materials\Assignments\Ex0 - Fundamentals of AI\Source\LinkedList\main.cpp(21,11): message : see declaration of 'ufl_cap4053::fundamentals::LinkedList<std::string>'
C:\Users\brady\OneDrive\Desktop\AI for Computer Games\student-materials\Assignments\Ex0 - Fundamentals of AI\Source\LinkedList\main.cpp(140,21): error C2039: 'contains': is not a member of 'ufl_cap4053::fundamentals::LinkedList<const char *>'
C:\Users\brady\OneDrive\Desktop\AI for Computer Games\student-materials\Assignments\Ex0 - Fundamentals of AI\Source\LinkedList\main.cpp(22,11): message : see declaration of 'ufl_cap4053::fundamentals::LinkedList<const char *>'
C:\Users\brady\OneDrive\Desktop\AI for Computer Games\student-materials\Assignments\Ex0 - Fundamentals of AI\Source\LinkedList\main.cpp(142,9): error C2039: 'contains': is not a member of 'ufl_cap4053::fundamentals::LinkedList<std::string>'
C:\Users\brady\OneDrive\Desktop\AI for Computer Games\student-materials\Assignments\Ex0 - Fundamentals of AI\Source\LinkedList\main.cpp(21,11): message : see declaration of 'ufl_cap4053::fundamentals::LinkedList<std::string>'
C:\Users\brady\OneDrive\Desktop\AI for Computer Games\student-materials\Assignments\Ex0 - Fundamentals of AI\Source\LinkedList\main.cpp(144,21): error C2039: 'remove': is not a member of 'ufl_cap4053::fundamentals::LinkedList<const char *>'
C:\Users\brady\OneDrive\Desktop\AI for Computer Games\student-materials\Assignments\Ex0 - Fundamentals of AI\Source\LinkedList\main.cpp(22,11): message : see declaration of 'ufl_cap4053::fundamentals::LinkedList<const char *>'
C:\Users\brady\OneDrive\Desktop\AI for Computer Games\student-materials\Assignments\Ex0 - Fundamentals of AI\Source\LinkedList\main.cpp(145,19): error C2039: 'remove': is not a member of 'ufl_cap4053::fundamentals::LinkedList<std::string>'
C:\Users\brady\OneDrive\Desktop\AI for Computer Games\student-materials\Assignments\Ex0 - Fundamentals of AI\Source\LinkedList\main.cpp(21,11): message : see declaration of 'ufl_cap4053::fundamentals::LinkedList<std::string>'
C:\Users\brady\OneDrive\Desktop\AI for Computer Games\student-materials\Assignments\Ex0 - Fundamentals of AI\Source\LinkedList\main.cpp(146,19): error C2039: 'remove': is not a member of 'ufl_cap4053::fundamentals::LinkedList<std::string>'
C:\Users\brady\OneDrive\Desktop\AI for Computer Games\student-materials\Assignments\Ex0 - Fundamentals of AI\Source\LinkedList\main.cpp(21,11): message : see declaration of 'ufl_cap4053::fundamentals::LinkedList<std::string>'
C:\Users\brady\OneDrive\Desktop\AI for Computer Games\student-materials\Assignments\Ex0 - Fundamentals of AI\Source\LinkedList\main.cpp(153,9): error C2039: 'contains': is not a member of 'ufl_cap4053::fundamentals::LinkedList<std::string>'
C:\Users\brady\OneDrive\Desktop\AI for Computer Games\student-materials\Assignments\Ex0 - Fundamentals of AI\Source\LinkedList\main.cpp(21,11): message : see declaration of 'ufl_cap4053::fundamentals::LinkedList<std::string>'
C:\Users\brady\OneDrive\Desktop\AI for Computer Games\student-materials\Assignments\Ex0 - Fundamentals of AI\Source\LinkedList\main.cpp(160,21): error C2039: 'contains': is not a member of 'ufl_cap4053::fundamentals::LinkedList<const char *>'
C:\Users\brady\OneDrive\Desktop\AI for Computer Games\student-materials\Assignments\Ex0 - Fundamentals of AI\Source\LinkedList\main.cpp(22,11): message : see declaration of 'ufl_cap4053::fundamentals::LinkedList<const char *>'
C:\Users\brady\OneDrive\Desktop\AI for Computer Games\student-materials\Assignments\Ex0 - Fundamentals of AI\Source\LinkedList\main.cpp(162,9): error C2039: 'contains': is not a member of 'ufl_cap4053::fundamentals::LinkedList<std::string>'
C:\Users\brady\OneDrive\Desktop\AI for Computer Games\student-materials\Assignments\Ex0 - Fundamentals of AI\Source\LinkedList\main.cpp(21,11): message : see declaration of 'ufl_cap4053::fundamentals::LinkedList<std::string>'
C:\Users\brady\OneDrive\Desktop\AI for Computer Games\student-materials\Assignments\Ex0 - Fundamentals of AI\Source\LinkedList\main.cpp(164,21): error C2039: 'remove': is not a member of 'ufl_cap4053::fundamentals::LinkedList<const char *>'
C:\Users\brady\OneDrive\Desktop\AI for Computer Games\student-materials\Assignments\Ex0 - Fundamentals of AI\Source\LinkedList\main.cpp(22,11): message : see declaration of 'ufl_cap4053::fundamentals::LinkedList<const char *>'
C:\Users\brady\OneDrive\Desktop\AI for Computer Games\student-materials\Assignments\Ex0 - Fundamentals of AI\Source\LinkedList\main.cpp(165,19): error C2039: 'remove': is not a member of 'ufl_cap4053::fundamentals::LinkedList<std::string>'
C:\Users\brady\OneDrive\Desktop\AI for Computer Games\student-materials\Assignments\Ex0 - Fundamentals of AI\Source\LinkedList\main.cpp(21,11): message : see declaration of 'ufl_cap4053::fundamentals::LinkedList<std::string>'
C:\Users\brady\OneDrive\Desktop\AI for Computer Games\student-materials\Assignments\Ex0 - Fundamentals of AI\Source\LinkedList\main.cpp(166,19): error C2039: 'remove': is not a member of 'ufl_cap4053::fundamentals::LinkedList<std::string>'
C:\Users\brady\OneDrive\Desktop\AI for Computer Games\student-materials\Assignments\Ex0 - Fundamentals of AI\Source\LinkedList\main.cpp(21,11): message : see declaration of 'ufl_cap4053::fundamentals::LinkedList<std::string>'
C:\Users\brady\OneDrive\Desktop\AI for Computer Games\student-materials\Assignments\Ex0 - Fundamentals of AI\Source\LinkedList\main.cpp(173,9): error C2039: 'contains': is not a member of 'ufl_cap4053::fundamentals::LinkedList<std::string>'
C:\Users\brady\OneDrive\Desktop\AI for Computer Games\student-materials\Assignments\Ex0 - Fundamentals of AI\Source\LinkedList\main.cpp(21,11): message : see declaration of 'ufl_cap4053::fundamentals::LinkedList<std::string>'
C:\Users\brady\OneDrive\Desktop\AI for Computer Games\student-materials\Assignments\Ex0 - Fundamentals of AI\Source\LinkedList\main.cpp(180,21): error C2039: 'contains': is not a member of 'ufl_cap4053::fundamentals::LinkedList<const char *>'
C:\Users\brady\OneDrive\Desktop\AI for Computer Games\student-materials\Assignments\Ex0 - Fundamentals of AI\Source\LinkedList\main.cpp(22,11): message : see declaration of 'ufl_cap4053::fundamentals::LinkedList<const char *>'
C:\Users\brady\OneDrive\Desktop\AI for Computer Games\student-materials\Assignments\Ex0 - Fundamentals of AI\Source\LinkedList\main.cpp(182,9): error C2039: 'contains': is not a member of 'ufl_cap4053::fundamentals::LinkedList<std::string>'
C:\Users\brady\OneDrive\Desktop\AI for Computer Games\student-materials\Assignments\Ex0 - Fundamentals of AI\Source\LinkedList\main.cpp(21,11): message : see declaration of 'ufl_cap4053::fundamentals::LinkedList<std::string>'
C:\Users\brady\OneDrive\Desktop\AI for Computer Games\student-materials\Assignments\Ex0 - Fundamentals of AI\Source\LinkedList\main.cpp(184,21): error C2039: 'remove': is not a member of 'ufl_cap4053::fundamentals::LinkedList<const char *>'
C:\Users\brady\OneDrive\Desktop\AI for Computer Games\student-materials\Assignments\Ex0 - Fundamentals of AI\Source\LinkedList\main.cpp(22,11): message : see declaration of 'ufl_cap4053::fundamentals::LinkedList<const char *>'
C:\Users\brady\OneDrive\Desktop\AI for Computer Games\student-materials\Assignments\Ex0 - Fundamentals of AI\Source\LinkedList\main.cpp(185,19): error C2039: 'remove': is not a member of 'ufl_cap4053::fundamentals::LinkedList<std::string>'
C:\Users\brady\OneDrive\Desktop\AI for Computer Games\student-materials\Assignments\Ex0 - Fundamentals of AI\Source\LinkedList\main.cpp(21,11): message : see declaration of 'ufl_cap4053::fundamentals::LinkedList<std::string>'
C:\Users\brady\OneDrive\Desktop\AI for Computer Games\student-materials\Assignments\Ex0 - Fundamentals of AI\Source\LinkedList\main.cpp(186,19): error C2039: 'remove': is not a member of 'ufl_cap4053::fundamentals::LinkedList<std::string>'
C:\Users\brady\OneDrive\Desktop\AI for Computer Games\student-materials\Assignments\Ex0 - Fundamentals of AI\Source\LinkedList\main.cpp(21,11): message : see declaration of 'ufl_cap4053::fundamentals::LinkedList<std::string>'
C:\Users\brady\OneDrive\Desktop\AI for Computer Games\student-materials\Assignments\Ex0 - Fundamentals of AI\Source\LinkedList\main.cpp(193,9): error C2039: 'contains': is not a member of 'ufl_cap4053::fundamentals::LinkedList<std::string>'
C:\Users\brady\OneDrive\Desktop\AI for Computer Games\student-materials\Assignments\Ex0 - Fundamentals of AI\Source\LinkedList\main.cpp(21,11): message : see declaration of 'ufl_cap4053::fundamentals::LinkedList<std::string>'
C:\Users\brady\OneDrive\Desktop\AI for Computer Games\student-materials\Assignments\Ex0 - Fundamentals of AI\Source\LinkedList\main.cpp(199,17): error C2039: 'clear': is not a member of 'ufl_cap4053::fundamentals::LinkedList<const char *>'
C:\Users\brady\OneDrive\Desktop\AI for Computer Games\student-materials\Assignments\Ex0 - Fundamentals of AI\Source\LinkedList\main.cpp(22,11): message : see declaration of 'ufl_cap4053::fundamentals::LinkedList<const char *>'
C:\Users\brady\OneDrive\Desktop\AI for Computer Games\student-materials\Assignments\Ex0 - Fundamentals of AI\Source\LinkedList\main.cpp(206,17): error C2039: 'enqueue': is not a member of 'ufl_cap4053::fundamentals::LinkedList<const char *>'
C:\Users\brady\OneDrive\Desktop\AI for Computer Games\student-materials\Assignments\Ex0 - Fundamentals of AI\Source\LinkedList\main.cpp(22,11): message : see declaration of 'ufl_cap4053::fundamentals::LinkedList<const char *>'
C:\Users\brady\OneDrive\Desktop\AI for Computer Games\student-materials\Assignments\Ex0 - Fundamentals of AI\Source\LinkedList\main.cpp(207,17): error C2039: 'enqueue': is not a member of 'ufl_cap4053::fundamentals::LinkedList<const char *>'
C:\Users\brady\OneDrive\Desktop\AI for Computer Games\student-materials\Assignments\Ex0 - Fundamentals of AI\Source\LinkedList\main.cpp(22,11): message : see declaration of 'ufl_cap4053::fundamentals::LinkedList<const char *>'
C:\Users\brady\OneDrive\Desktop\AI for Computer Games\student-materials\Assignments\Ex0 - Fundamentals of AI\Source\LinkedList\main.cpp(208,17): error C2039: 'enqueue': is not a member of 'ufl_cap4053::fundamentals::LinkedList<const char *>'
C:\Users\brady\OneDrive\Desktop\AI for Computer Games\student-materials\Assignments\Ex0 - Fundamentals of AI\Source\LinkedList\main.cpp(22,11): message : see declaration of 'ufl_cap4053::fundamentals::LinkedList<const char *>'
